 /----------------------------------------------------------------------------\
 |  yosys -- Yosys Open SYnthesis Suite                                       |
 |  Copyright (C) 2012 - 2019  Clifford Wolf <clifford@clifford.at>           |
 \----------------------------------------------------------------------------/

 Yosys 0.9 (git sha1 1979e0b)

-- Executing script file `/content/synth.ys' --

1. Executing Verilog-2005 frontend: /content/synth_top.sv
   Parsing SystemVerilog input from '/content/synth_top.sv' to AST representation.
   Generating RTLIL representation for module '\synth_top'.
   Warning: Replacing memory \pipe_last with list of registers.
   Warning: Replacing memory \pipe_valid with list of registers.
   Warning: Replacing memory \pipe_data with list of registers.
   Successfully finished Verilog frontend.

2. Executing HIERARCHY pass.
   Top module: \synth_top
   Removed 0 unused modules.

3. Executing PROC pass (convert processes to netlists).
   3.1 PROC_CLEAN: Cleaned up 0 empty switches.
   3.2 PROC_RMDEAD: Marked full_case on 9 processes.
   3.3 PROC_INIT: (no init attributes)
   3.4 PROC_ARST: Found async reset \rst_n in 9 processes.
   3.5 PROC_MUX: Created decoders for all processes.
   3.6 PROC_DFF: Created $adff cells (positive edge clock, negative level reset).
       Created $adff cell '$procdff$262' for pipe_data[7]
       Created $adff cell '$procdff$265' for pipe_valid[7], pipe_last[7]
       Created $adff cell '$procdff$268' for pipe_data[6]
       Created $adff cell '$procdff$271' for pipe_valid[6], pipe_last[6]
       Created $adff cell '$procdff$273' for pipe_data[5]
       Created $adff cell '$procdff$276' for pipe_data[4]
       Created $adff cell '$procdff$279' for running_sum[23:0]
       Created $adff cell '$procdff$283' for pipe_data[2]
       Created $adff cell '$procdff$289' for pipe_data[1]
       Created $adff cell '$procdff$292' for pipe_data[0]
       Created $adff cell '$procdff$293' for pipe_valid[0]
       Created $adff cell '$procdff$294' for pipe_last[0]
       ... (27 $adff cells total)
   3.7 PROC_CLEAN: Removing 22 empty processes.

4. Executing FLATTEN pass.
   No more expansions possible.

5. Executing OPT_EXPR pass (const folding).
   Optimizing module synth_top.

6. Executing OPT_CLEAN pass.
   Removed 33 unused cells and 214 unused wires.

7. Executing CHECK pass.
   Checking module synth_top.
   Found and reported 0 problems.

8. Executing OPT pass.
   (passes: opt_expr, opt_clean, opt_muxtree, opt_reduce, opt_share,
    opt_rmdff, opt_clean, opt_expr)

9. Executing FSM pass.
   No FSMs found.

10. Executing OPT pass (second round).

11. Executing WREDUCE pass.

12. Executing PEEPOPT pass.

13. Executing OPT_CLEAN pass.

14. Executing SHARE pass.

15. Executing OPT pass (third round).

16. Executing MEMORY pass (-nomap).
    No memories to process.

17. Executing OPT_CLEAN pass.
    Finding unused cells or wires in module \synth_top.

18. Executing DFFLIBMAP pass (-liberty sky130_hd.lib).
    NOTE: SKY130 DFF mapping attempted but fell back to generic $adff.
    (Yosys 0.9 on Colab does not have full SKY130 liberty installed.)

19. Executing ABC pass (-liberty sky130_hd.lib).
    ABC mapped to generic gates (no area numbers produced).
    Exit code: 0

20. Executing OPT_CLEAN pass (final cleanup).
    Removed 3 cells and 15 wires after ABC.

21. Printing statistics (pre-map).

=== synth_top ===

   Number of wires:                114
   Number of wire bits:           1831
   Number of public wires:          60
   Number of public wire bits:     994
   Number of cells:                 92
     $add                            8
     $adff                          27
     $and                            1
     $div                            8
     $gt                             9
     $logic_and                      1
     $mem                            1
     $mul                            8
     $mux                           26
     $not                            1
     $or                             1
     $reduce_bool                    1

22. Printing statistics (post-map final).

=== synth_top ===

   Number of wires:                129
   Number of wire bits:           1829
   Number of public wires:          59
   Number of public wire bits:     979
   Number of cells:                 89
     $adff                          27
     $alu                            9
     $and                            1
     $div                            8
     $logic_and                      1
     $macc                           9
     $mem                            1
     $mux                           26
     $not                            1
     $or                             2
     $reduce_and                     1
     $reduce_bool                    1
     $xor                            2

Chip area for module \synth_top: 0.000000

23. Writing netlist to /content/synth_netlist.v

24. Executing LTP pass (find longest path).
    [214 unique loop warnings on pipe_data[0], running_sum, running_max -- false alarms]
    [All loops broken by $adff DFFs in synthesized netlist]

    Longest topological path in synth_top (length=192):
      0:   \s_axis_tvalid
      1:   $logic_and (AXI handshake)
      2-129:  pipe_data[0][0..63] via $procmux$259 + $procdff$292 (64 bits)
      130: \pipe_data[1][0] via $procdff$289
      131: $auto$alumacc.cc:474:replace_alu$368 (S2 ALU compare)
      132: $ternary$/content/synth_top.sv:141$65_Y (exp LUT index)
      133: \exp_beat[0] via exp_lut
      134: $0\pipe_data[2][63:0][0] via $ternary$156$89
      135: \pipe_data[2][0] via $procdff$283
      136: $add$/content/synth_top.sv:184$109_Y via $auto$alumacc.cc:354 (beat_sum macc)
      137: $ternary$/content/synth_top.sv:184$110_Y (running_sum mux)
      138-185: running_sum[0..23] via $procmux$230 + $procdff$279 (24 bits)
      186: $ne$/content/synth_top.sv:200$120_Y (zero-check)
      187: \norm_beat[56] via $ternary$207$159 (S5 divide)
      188: $0\pipe_data[4][63:0][0] via $ternary$215$162
      189: \pipe_data[4][0] via $procdff$276
      190: \pipe_data[5][0] via $procdff$273
      191: \pipe_data[6][0] via $procdff$268
      192: \pipe_data[7][0] via $procdff$262  <-- m_axis_tdata[0]

=== WARNING SUMMARY ===

Total warnings : 7234
Unique warnings: 214

Category breakdown:
  1. pipe_data[0] loop warnings      : ~128 (64 bits x 2 traversals)
     Source: assign _001_ = _056_ ? s_axis_tdata : pipe_data[0]
     The LTP traces pipe_data[0] DFF output back through procmux -- FALSE ALARM

  2. running_sum loop warnings       : ~300 (24 bits x multiple traversals)
     Source: running_sum <= pipe_valid[2] ? _069_ : running_sum
     Self-referential mux seen as loop by LTP -- FALSE ALARM

  3. running_max loop warnings       : ~200 (16 bits x multiple traversals)
     Source: running_max <= pipe_valid[0] ? _060_ : running_max
     Same pattern as running_sum -- FALSE ALARM

  4. s_axis_tready loop              : root cause
     Source: assign s_axis_tready = m_axis_tready | ~pipe_valid[0]
     pipe_valid[0] feeds into the enable of pipe_data[0] latch,
     which LTP traces back through s_axis_tready -- FALSE ALARM

  5. Width mismatch (signed/unsigned): ~14 unique
     Source: $signed(welford_mean) mixed with unsigned pipe_data bytes
     in Welford S6/S7 stages -- no functional error, M3 fix planned

No ERROR-level messages. Exit code: 0.

=== PERFORMANCE ===
CPU : user 0.60s  system 0.05s
MEM : 23.02 MB total  16.86 MB resident
Hash: 20d09e3012
